INFO:itchat:Getting uuid of QR code.
INFO:itchat:Downloading QR code.
INFO:itchat:Please scan the QR code to log in.
INFO:itchat:Getting uuid of QR code.
INFO:itchat:Downloading QR code.
INFO:itchat:Please scan the QR code to log in.
INFO:itchat:Please press confirm on your phone.
INFO:itchat:Loading the contact, this may take a little while.
Caroline__PYQuanPin:Caroline
å°å¨__PYQuanPin:xiaowei
é˜¡é™ŒğŸƒ__PYQuanPin:qianmospanclassemojiemoji1f343span
å¼ å¤§å¸…__PYQuanPin:zhangdashuai
å·¦æ¶›ç‘__PYQuanPin:zuotaorui
ğŸ’¯å“ˆå“ˆå´å›å¿—__PYQuanPin:?hahawujunzhi
å•æ˜¥é˜³__PYQuanPin:lvchunyang
åˆè§__PYQuanPin:chujian
å¥¥æ™®ä¹æ¬¢ä¹æ°´ä¸–ç•Œ__PYQuanPin:aopuyuehuanyueshuishijie
å°èƒ–__PYQuanPin:xiaopan
å¼ åˆ›ç§‘è€å¸ˆ13679260573__PYQuanPin:zhangchuangkelaoshi13679260573
äººç”Ÿåœ¨äºæ‹¼æ__PYQuanPin:renshengzaiyupinbo
æˆ´ç»´__PYQuanPin:daiwei
Kerwin.å¾__PYQuanPin:Kerwinxu
SUNNY__PYQuanPin:SUNNY
long__PYQuanPin:long
ONLY.love__PYQuanPin:ONLYlove
æœ¨å­__PYQuanPin:muzi
Wong__PYQuanPin:Wong
æºæ‰‹å£°å…‰èˆç¾å¿—è¿œ13080163331__PYQuanPin:xieshoushengguangwumeizhiyuan13080163331
ä¹”å¸ƒç†™__PYQuanPin:qiaobuxi
fun__PYQuanPin:fun
A There won'r be you__PYQuanPin:ATherewonrbeyou
Mr.é»‘å’–å•¡__PYQuanPin:Mrheigafei
å“‡å¡å¤©å“ª__PYQuanPin:wasaitianna
æœˆäº®__PYQuanPin:yueliang
ä½ ç”·æœ‹å‹å«æ–‡æ°ä¹ˆâ‡__PYQuanPin:ninanpengyoujiaowenjiemespanclassemojiemoji2747span
æ²›æ²›__PYQuanPin:peipei
è·¯ç”±__PYQuanPin:luyou
æ´‹æ´‹ä¸“ä¸šéŸ³å“èˆç¾__PYQuanPin:yangyangzhuanyeyinxiangwumei
å½±å­ä¼ è¯´__PYQuanPin:yingzichuanshui
æ— çŸ¥__PYQuanPin:wuzhi
é¢–é¢–WANG__PYQuanPin:yingyingWANG
A.ç€šé›„é‡‘èæœåŠ¡__PYQuanPin:Ahanxiongjinrongfuwu
Panna__PYQuanPin:Panna
ç´ é¢œæœ€ç¾__PYQuanPin:suyanzuimei
å¼“é•¿__PYQuanPin:gongchang
å°å®‡__PYQuanPin:xiaoyu
å…¶å®ã€ç­‰é£æ¥__PYQuanPin:qishidengfenglai
å¤©ä¹‹éª„å­__PYQuanPin:tianzhijiaozi
å¤§æµ·__PYQuanPin:dahai
çˆ±å–ã€__PYQuanPin:aia
Adolph__PYQuanPin:Adolph
æ–‡æ—__PYQuanPin:wenlin
é£ä¾ __PYQuanPin:feixia
é©¬å†›èƒœ__PYQuanPin:majunsheng
åŠªæ¯”äºšè®¸æ˜Œè§£äºšé’__PYQuanPin:nubiyaxuchangxieyaqing
åˆ˜æ•__PYQuanPin:liumin
åŠŸä¸å”æ__PYQuanPin:gongbutangjuan
çŸ¥è¶³å¸¸ä¹ï¼çº¢å†›__PYQuanPin:zhizuchangyuehongjun
äº‘ç«¯æ¼«æ­¥__PYQuanPin:yunduanmanbu
å¼ å‹‹__PYQuanPin:zhangxun
ä½ å¥½ï¼Œäº²çˆ±çš„__PYQuanPin:nihaoqinaide
yå¸…__PYQuanPin:yshuai
å•é˜³é˜³__PYQuanPin:lvyangyang
Still me ã€‚ã€‚ã€‚__PYQuanPin:Stillme
214â„ƒâ„¢love__PYQuanPin:214spanclassemojiemoji2122spanlove
æå‡¯é¾™__PYQuanPin:likailong
llj__PYQuanPin:llj
å¥”è·‘çš„å°èœ—ç‰›__PYQuanPin:benpaodexiaowoniu
æ“±æ·ºçš„å¾€äº‹__PYQuanPin:gejiandewangshi
é™Œé™Œ__PYQuanPin:momo
éƒå»‰é¾™__PYQuanPin:haolianlong
æš—é‡Œç€è¿·ï¼ˆéƒ­æ´‹15527277905ï¼‰__PYQuanPin:anlizhaomiguoyang15527277905
è€æ›¹__PYQuanPin:laocao
æ´‹æ´‹__PYQuanPin:yangyang
POWER__PYQuanPin:POWER
å•¦å•¦å•¦__PYQuanPin:lalala
éšå¿ƒè€Œé‡__PYQuanPin:suixineryu
ä»°æœ›æ˜Ÿç©º(*^Ï‰^*)__PYQuanPin:yangwangxingkong
æ—§æ—¶å…‰__PYQuanPin:jiushiguang
ä¾æ ˜__PYQuanPin:yiyi
Holo__PYQuanPin:Holo
æ˜¥è¾‰__PYQuanPin:chunhui
A æè‰³æ¸…__PYQuanPin:Aliyanqing
å°æ°__PYQuanPin:xiaojie
å¼ ç‰é­18637417318__PYQuanPin:zhangyukui18637417318
å¼º__PYQuanPin:qiang
åæœ¨__PYQuanPin:shimu
é—«å¸…å³°__PYQuanPin:yanshuaifeng
å¼ åŸ¹æ­Œ__PYQuanPin:zhangpeige
é»„æ™“ä¿Š__PYQuanPin:huangxiaojun
é©¬å…‰__PYQuanPin:maguang
é³å­å¸…__PYQuanPin:jinzishuai
æ¨é«˜æ˜Ÿ__PYQuanPin:yanggaoxing
çš®çš®é²__PYQuanPin:pipilu
é»„æœæœçˆ±çš„è‰è“æ´¾__PYQuanPin:huangguoguoaidecaomeipa
è®¯è”â˜ï¸-Vivian__PYQuanPin:xunlianspanclassemojiemoji2601span?Vivian
æµªèŠ±åº—å°äºŒ__PYQuanPin:langhuadianxiaoer
å¼ è‰º__PYQuanPin:zhangyi
æ·¡å¢¨__PYQuanPin:danmo
æ¨åˆ©å¡17739777285__PYQuanPin:yanglika17739777285
æˆ‘éè‹±é›„__PYQuanPin:wofeiyingxiong
å¼ å èƒœ__PYQuanPin:zhangzhansheng
é’äº‘__PYQuanPin:qingyun
à¼’Leonà¼’__PYQuanPin:?Leon?
æ®·æ¸…__PYQuanPin:yinqing
åº„Sir__PYQuanPin:zhuangSir
é—¯å…ˆç”Ÿ__PYQuanPin:chuangxiansheng
å°è§£__PYQuanPin:xiaoxie
è‰è‰__PYQuanPin:lili
æ¼”ğŸ‘® å‘˜__PYQuanPin:yanspanclassemojiemoji1f46espanyuan
æŸ¯æ£®__PYQuanPin:kesen
æ¨Šå°é“­ğŸ™ƒ__PYQuanPin:fanxiaoming?
å­™åŒå­¦__PYQuanPin:suntongxue
INFO:itchat:Start auto replying.
ERROR:itchat:Traceback (most recent call last):
  File "C:\Python36\lib\site-packages\urllib3\connection.py", line 141, in _new_conn
    (self.host, self.port), self.timeout, **extra_kw)
  File "C:\Python36\lib\site-packages\urllib3\util\connection.py", line 60, in create_connection
    for res in socket.getaddrinfo(host, port, family, socket.SOCK_STREAM):
  File "C:\Python36\lib\socket.py", line 743, in getaddrinfo
    for res in _socket.getaddrinfo(host, port, family, type, proto, flags):
socket.gaierror: [Errno 11004] getaddrinfo failed

During handling of the above exception, another exception occurred:

Traceback (most recent call last):
  File "C:\Python36\lib\site-packages\urllib3\connectionpool.py", line 600, in urlopen
    chunked=chunked)
  File "C:\Python36\lib\site-packages\urllib3\connectionpool.py", line 345, in _make_request
    self._validate_conn(conn)
  File "C:\Python36\lib\site-packages\urllib3\connectionpool.py", line 844, in _validate_conn
    conn.connect()
  File "C:\Python36\lib\site-packages\urllib3\connection.py", line 284, in connect
    conn = self._new_conn()
  File "C:\Python36\lib\site-packages\urllib3\connection.py", line 150, in _new_conn
    self, "Failed to establish a new connection: %s" % e)
urllib3.exceptions.NewConnectionError: <urllib3.connection.VerifiedHTTPSConnection object at 0x02FC09F0>: Failed to establish a new connection: [Errno 11004] getaddrinfo failed

During handling of the above exception, another exception occurred:

Traceback (most recent call last):
  File "C:\Python36\lib\site-packages\requests\adapters.py", line 440, in send
    timeout=timeout
  File "C:\Python36\lib\site-packages\urllib3\connectionpool.py", line 649, in urlopen
    _stacktrace=sys.exc_info()[2])
  File "C:\Python36\lib\site-packages\urllib3\util\retry.py", line 388, in increment
    raise MaxRetryError(_pool, url, error or ResponseError(cause))
urllib3.exceptions.MaxRetryError: HTTPSConnectionPool(host='webpush.wx.qq.com', port=443): Max retries exceeded with url: /cgi-bin/mmwebwx-bin/synccheck?r=1499223216295&skey=%40crypt_1ad16c4_05d572229b40420fbbb1a28d4e90d16b&sid=utWLW%2BzfoVBfEKmS&uin=470536655&deviceid=e429345087967561&synckey=1_673300149%7C2_673300242%7C3_673300210%7C11_673300077%7C13_673270493%7C201_1499223159%7C1000_1499215980%7C1001_1499216252&_=1499223216295 (Caused by NewConnectionError('<urllib3.connection.VerifiedHTTPSConnection object at 0x02FC09F0>: Failed to establish a new connection: [Errno 11004] getaddrinfo failed',))

During handling of the above exception, another exception occurred:

Traceback (most recent call last):
  File "C:\Python36\lib\site-packages\itchat\components\login.py", line 240, in maintain_loop
    i = sync_check(self)
  File "C:\Python36\lib\site-packages\itchat\components\login.py", line 295, in sync_check
    r = self.s.get(url, params=params, headers=headers, timeout=config.TIMEOUT)
  File "C:\Python36\lib\site-packages\requests\sessions.py", line 515, in get
    return self.request('GET', url, **kwargs)
  File "C:\Python36\lib\site-packages\requests\sessions.py", line 502, in request
    resp = self.send(prep, **send_kwargs)
  File "C:\Python36\lib\site-packages\requests\sessions.py", line 612, in send
    r = adapter.send(request, **kwargs)
  File "C:\Python36\lib\site-packages\requests\adapters.py", line 504, in send
    raise ConnectionError(e, request=request)
requests.exceptions.ConnectionError: HTTPSConnectionPool(host='webpush.wx.qq.com', port=443): Max retries exceeded with url: /cgi-bin/mmwebwx-bin/synccheck?r=1499223216295&skey=%40crypt_1ad16c4_05d572229b40420fbbb1a28d4e90d16b&sid=utWLW%2BzfoVBfEKmS&uin=470536655&deviceid=e429345087967561&synckey=1_673300149%7C2_673300242%7C3_673300210%7C11_673300077%7C13_673270493%7C201_1499223159%7C1000_1499215980%7C1001_1499216252&_=1499223216295 (Caused by NewConnectionError('<urllib3.connection.VerifiedHTTPSConnection object at 0x02FC09F0>: Failed to establish a new connection: [Errno 11004] getaddrinfo failed',))

ERROR:itchat:Traceback (most recent call last):
  File "C:\Python36\lib\site-packages\urllib3\connection.py", line 141, in _new_conn
    (self.host, self.port), self.timeout, **extra_kw)
  File "C:\Python36\lib\site-packages\urllib3\util\connection.py", line 60, in create_connection
    for res in socket.getaddrinfo(host, port, family, socket.SOCK_STREAM):
  File "C:\Python36\lib\socket.py", line 743, in getaddrinfo
    for res in _socket.getaddrinfo(host, port, family, type, proto, flags):
socket.gaierror: [Errno 11004] getaddrinfo failed

During handling of the above exception, another exception occurred:

Traceback (most recent call last):
  File "C:\Python36\lib\site-packages\urllib3\connectionpool.py", line 600, in urlopen
    chunked=chunked)
  File "C:\Python36\lib\site-packages\urllib3\connectionpool.py", line 345, in _make_request
    self._validate_conn(conn)
  File "C:\Python36\lib\site-packages\urllib3\connectionpool.py", line 844, in _validate_conn
    conn.connect()
  File "C:\Python36\lib\site-packages\urllib3\connection.py", line 284, in connect
    conn = self._new_conn()
  File "C:\Python36\lib\site-packages\urllib3\connection.py", line 150, in _new_conn
    self, "Failed to establish a new connection: %s" % e)
urllib3.exceptions.NewConnectionError: <urllib3.connection.VerifiedHTTPSConnection object at 0x02FF2370>: Failed to establish a new connection: [Errno 11004] getaddrinfo failed

During handling of the above exception, another exception occurred:

Traceback (most recent call last):
  File "C:\Python36\lib\site-packages\requests\adapters.py", line 440, in send
    timeout=timeout
  File "C:\Python36\lib\site-packages\urllib3\connectionpool.py", line 649, in urlopen
    _stacktrace=sys.exc_info()[2])
  File "C:\Python36\lib\site-packages\urllib3\util\retry.py", line 388, in increment
    raise MaxRetryError(_pool, url, error or ResponseError(cause))
urllib3.exceptions.MaxRetryError: HTTPSConnectionPool(host='webpush.wx.qq.com', port=443): Max retries exceeded with url: /cgi-bin/mmwebwx-bin/synccheck?r=1499223229301&skey=%40crypt_1ad16c4_05d572229b40420fbbb1a28d4e90d16b&sid=utWLW%2BzfoVBfEKmS&uin=470536655&deviceid=e429345087967561&synckey=1_673300149%7C2_673300242%7C3_673300210%7C11_673300077%7C13_673270493%7C201_1499223159%7C1000_1499215980%7C1001_1499216252&_=1499223229301 (Caused by NewConnectionError('<urllib3.connection.VerifiedHTTPSConnection object at 0x02FF2370>: Failed to establish a new connection: [Errno 11004] getaddrinfo failed',))

During handling of the above exception, another exception occurred:

Traceback (most recent call last):
  File "C:\Python36\lib\site-packages\itchat\components\login.py", line 240, in maintain_loop
    i = sync_check(self)
  File "C:\Python36\lib\site-packages\itchat\components\login.py", line 295, in sync_check
    r = self.s.get(url, params=params, headers=headers, timeout=config.TIMEOUT)
  File "C:\Python36\lib\site-packages\requests\sessions.py", line 515, in get
    return self.request('GET', url, **kwargs)
  File "C:\Python36\lib\site-packages\requests\sessions.py", line 502, in request
    resp = self.send(prep, **send_kwargs)
  File "C:\Python36\lib\site-packages\requests\sessions.py", line 612, in send
    r = adapter.send(request, **kwargs)
  File "C:\Python36\lib\site-packages\requests\adapters.py", line 504, in send
    raise ConnectionError(e, request=request)
requests.exceptions.ConnectionError: HTTPSConnectionPool(host='webpush.wx.qq.com', port=443): Max retries exceeded with url: /cgi-bin/mmwebwx-bin/synccheck?r=1499223229301&skey=%40crypt_1ad16c4_05d572229b40420fbbb1a28d4e90d16b&sid=utWLW%2BzfoVBfEKmS&uin=470536655&deviceid=e429345087967561&synckey=1_673300149%7C2_673300242%7C3_673300210%7C11_673300077%7C13_673270493%7C201_1499223159%7C1000_1499215980%7C1001_1499216252&_=1499223229301 (Caused by NewConnectionError('<urllib3.connection.VerifiedHTTPSConnection object at 0x02FF2370>: Failed to establish a new connection: [Errno 11004] getaddrinfo failed',))

ERROR:itchat:Traceback (most recent call last):
  File "C:\Python36\lib\site-packages\urllib3\connection.py", line 141, in _new_conn
    (self.host, self.port), self.timeout, **extra_kw)
  File "C:\Python36\lib\site-packages\urllib3\util\connection.py", line 60, in create_connection
    for res in socket.getaddrinfo(host, port, family, socket.SOCK_STREAM):
  File "C:\Python36\lib\socket.py", line 743, in getaddrinfo
    for res in _socket.getaddrinfo(host, port, family, type, proto, flags):
socket.gaierror: [Errno 11004] getaddrinfo failed

During handling of the above exception, another exception occurred:

Traceback (most recent call last):
  File "C:\Python36\lib\site-packages\urllib3\connectionpool.py", line 600, in urlopen
    chunked=chunked)
  File "C:\Python36\lib\site-packages\urllib3\connectionpool.py", line 345, in _make_request
    self._validate_conn(conn)
  File "C:\Python36\lib\site-packages\urllib3\connectionpool.py", line 844, in _validate_conn
    conn.connect()
  File "C:\Python36\lib\site-packages\urllib3\connection.py", line 284, in connect
    conn = self._new_conn()
  File "C:\Python36\lib\site-packages\urllib3\connection.py", line 150, in _new_conn
    self, "Failed to establish a new connection: %s" % e)
urllib3.exceptions.NewConnectionError: <urllib3.connection.VerifiedHTTPSConnection object at 0x02FF28D0>: Failed to establish a new connection: [Errno 11004] getaddrinfo failed

During handling of the above exception, another exception occurred:

Traceback (most recent call last):
  File "C:\Python36\lib\site-packages\requests\adapters.py", line 440, in send
    timeout=timeout
  File "C:\Python36\lib\site-packages\urllib3\connectionpool.py", line 649, in urlopen
    _stacktrace=sys.exc_info()[2])
  File "C:\Python36\lib\site-packages\urllib3\util\retry.py", line 388, in increment
    raise MaxRetryError(_pool, url, error or ResponseError(cause))
urllib3.exceptions.MaxRetryError: HTTPSConnectionPool(host='webpush.wx.qq.com', port=443): Max retries exceeded with url: /cgi-bin/mmwebwx-bin/synccheck?r=1499223242305&skey=%40crypt_1ad16c4_05d572229b40420fbbb1a28d4e90d16b&sid=utWLW%2BzfoVBfEKmS&uin=470536655&deviceid=e429345087967561&synckey=1_673300149%7C2_673300242%7C3_673300210%7C11_673300077%7C13_673270493%7C201_1499223159%7C1000_1499215980%7C1001_1499216252&_=1499223242305 (Caused by NewConnectionError('<urllib3.connection.VerifiedHTTPSConnection object at 0x02FF28D0>: Failed to establish a new connection: [Errno 11004] getaddrinfo failed',))

During handling of the above exception, another exception occurred:

Traceback (most recent call last):
  File "C:\Python36\lib\site-packages\itchat\components\login.py", line 240, in maintain_loop
    i = sync_check(self)
  File "C:\Python36\lib\site-packages\itchat\components\login.py", line 295, in sync_check
    r = self.s.get(url, params=params, headers=headers, timeout=config.TIMEOUT)
  File "C:\Python36\lib\site-packages\requests\sessions.py", line 515, in get
    return self.request('GET', url, **kwargs)
  File "C:\Python36\lib\site-packages\requests\sessions.py", line 502, in request
    resp = self.send(prep, **send_kwargs)
  File "C:\Python36\lib\site-packages\requests\sessions.py", line 612, in send
    r = adapter.send(request, **kwargs)
  File "C:\Python36\lib\site-packages\requests\adapters.py", line 504, in send
    raise ConnectionError(e, request=request)
requests.exceptions.ConnectionError: HTTPSConnectionPool(host='webpush.wx.qq.com', port=443): Max retries exceeded with url: /cgi-bin/mmwebwx-bin/synccheck?r=1499223242305&skey=%40crypt_1ad16c4_05d572229b40420fbbb1a28d4e90d16b&sid=utWLW%2BzfoVBfEKmS&uin=470536655&deviceid=e429345087967561&synckey=1_673300149%7C2_673300242%7C3_673300210%7C11_673300077%7C13_673270493%7C201_1499223159%7C1000_1499215980%7C1001_1499216252&_=1499223242305 (Caused by NewConnectionError('<urllib3.connection.VerifiedHTTPSConnection object at 0x02FF28D0>: Failed to establish a new connection: [Errno 11004] getaddrinfo failed',))

ERROR:itchat:Traceback (most recent call last):
  File "C:\Python36\lib\site-packages\urllib3\connection.py", line 141, in _new_conn
    (self.host, self.port), self.timeout, **extra_kw)
  File "C:\Python36\lib\site-packages\urllib3\util\connection.py", line 60, in create_connection
    for res in socket.getaddrinfo(host, port, family, socket.SOCK_STREAM):
  File "C:\Python36\lib\socket.py", line 743, in getaddrinfo
    for res in _socket.getaddrinfo(host, port, family, type, proto, flags):
socket.gaierror: [Errno 11004] getaddrinfo failed

During handling of the above exception, another exception occurred:

Traceback (most recent call last):
  File "C:\Python36\lib\site-packages\urllib3\connectionpool.py", line 600, in urlopen
    chunked=chunked)
  File "C:\Python36\lib\site-packages\urllib3\connectionpool.py", line 345, in _make_request
    self._validate_conn(conn)
  File "C:\Python36\lib\site-packages\urllib3\connectionpool.py", line 844, in _validate_conn
    conn.connect()
  File "C:\Python36\lib\site-packages\urllib3\connection.py", line 284, in connect
    conn = self._new_conn()
  File "C:\Python36\lib\site-packages\urllib3\connection.py", line 150, in _new_conn
    self, "Failed to establish a new connection: %s" % e)
urllib3.exceptions.NewConnectionError: <urllib3.connection.VerifiedHTTPSConnection object at 0x02FF2D70>: Failed to establish a new connection: [Errno 11004] getaddrinfo failed

During handling of the above exception, another exception occurred:

Traceback (most recent call last):
  File "C:\Python36\lib\site-packages\requests\adapters.py", line 440, in send
    timeout=timeout
  File "C:\Python36\lib\site-packages\urllib3\connectionpool.py", line 649, in urlopen
    _stacktrace=sys.exc_info()[2])
  File "C:\Python36\lib\site-packages\urllib3\util\retry.py", line 388, in increment
    raise MaxRetryError(_pool, url, error or ResponseError(cause))
urllib3.exceptions.MaxRetryError: HTTPSConnectionPool(host='webpush.wx.qq.com', port=443): Max retries exceeded with url: /cgi-bin/mmwebwx-bin/synccheck?r=1499223255309&skey=%40crypt_1ad16c4_05d572229b40420fbbb1a28d4e90d16b&sid=utWLW%2BzfoVBfEKmS&uin=470536655&deviceid=e429345087967561&synckey=1_673300149%7C2_673300242%7C3_673300210%7C11_673300077%7C13_673270493%7C201_1499223159%7C1000_1499215980%7C1001_1499216252&_=1499223255309 (Caused by NewConnectionError('<urllib3.connection.VerifiedHTTPSConnection object at 0x02FF2D70>: Failed to establish a new connection: [Errno 11004] getaddrinfo failed',))

During handling of the above exception, another exception occurred:

Traceback (most recent call last):
  File "C:\Python36\lib\site-packages\itchat\components\login.py", line 240, in maintain_loop
    i = sync_check(self)
  File "C:\Python36\lib\site-packages\itchat\components\login.py", line 295, in sync_check
    r = self.s.get(url, params=params, headers=headers, timeout=config.TIMEOUT)
  File "C:\Python36\lib\site-packages\requests\sessions.py", line 515, in get
    return self.request('GET', url, **kwargs)
  File "C:\Python36\lib\site-packages\requests\sessions.py", line 502, in request
    resp = self.send(prep, **send_kwargs)
  File "C:\Python36\lib\site-packages\requests\sessions.py", line 612, in send
    r = adapter.send(request, **kwargs)
  File "C:\Python36\lib\site-packages\requests\adapters.py", line 504, in send
    raise ConnectionError(e, request=request)
requests.exceptions.ConnectionError: HTTPSConnectionPool(host='webpush.wx.qq.com', port=443): Max retries exceeded with url: /cgi-bin/mmwebwx-bin/synccheck?r=1499223255309&skey=%40crypt_1ad16c4_05d572229b40420fbbb1a28d4e90d16b&sid=utWLW%2BzfoVBfEKmS&uin=470536655&deviceid=e429345087967561&synckey=1_673300149%7C2_673300242%7C3_673300210%7C11_673300077%7C13_673270493%7C201_1499223159%7C1000_1499215980%7C1001_1499216252&_=1499223255309 (Caused by NewConnectionError('<urllib3.connection.VerifiedHTTPSConnection object at 0x02FF2D70>: Failed to establish a new connection: [Errno 11004] getaddrinfo failed',))

ERROR:itchat:Traceback (most recent call last):
  File "C:\Python36\lib\site-packages\urllib3\connection.py", line 141, in _new_conn
    (self.host, self.port), self.timeout, **extra_kw)
  File "C:\Python36\lib\site-packages\urllib3\util\connection.py", line 60, in create_connection
    for res in socket.getaddrinfo(host, port, family, socket.SOCK_STREAM):
  File "C:\Python36\lib\socket.py", line 743, in getaddrinfo
    for res in _socket.getaddrinfo(host, port, family, type, proto, flags):
socket.gaierror: [Errno 11004] getaddrinfo failed

During handling of the above exception, another exception occurred:

Traceback (most recent call last):
  File "C:\Python36\lib\site-packages\urllib3\connectionpool.py", line 600, in urlopen
    chunked=chunked)
  File "C:\Python36\lib\site-packages\urllib3\connectionpool.py", line 345, in _make_request
    self._validate_conn(conn)
  File "C:\Python36\lib\site-packages\urllib3\connectionpool.py", line 844, in _validate_conn
    conn.connect()
  File "C:\Python36\lib\site-packages\urllib3\connection.py", line 284, in connect
    conn = self._new_conn()
  File "C:\Python36\lib\site-packages\urllib3\connection.py", line 150, in _new_conn
    self, "Failed to establish a new connection: %s" % e)
urllib3.exceptions.NewConnectionError: <urllib3.connection.VerifiedHTTPSConnection object at 0x02FF2F70>: Failed to establish a new connection: [Errno 11004] getaddrinfo failed

During handling of the above exception, another exception occurred:

Traceback (most recent call last):
  File "C:\Python36\lib\site-packages\requests\adapters.py", line 440, in send
    timeout=timeout
  File "C:\Python36\lib\site-packages\urllib3\connectionpool.py", line 649, in urlopen
    _stacktrace=sys.exc_info()[2])
  File "C:\Python36\lib\site-packages\urllib3\util\retry.py", line 388, in increment
    raise MaxRetryError(_pool, url, error or ResponseError(cause))
urllib3.exceptions.MaxRetryError: HTTPSConnectionPool(host='webpush.wx.qq.com', port=443): Max retries exceeded with url: /cgi-bin/mmwebwx-bin/synccheck?r=1499223268313&skey=%40crypt_1ad16c4_05d572229b40420fbbb1a28d4e90d16b&sid=utWLW%2BzfoVBfEKmS&uin=470536655&deviceid=e429345087967561&synckey=1_673300149%7C2_673300242%7C3_673300210%7C11_673300077%7C13_673270493%7C201_1499223159%7C1000_1499215980%7C1001_1499216252&_=1499223268313 (Caused by NewConnectionError('<urllib3.connection.VerifiedHTTPSConnection object at 0x02FF2F70>: Failed to establish a new connection: [Errno 11004] getaddrinfo failed',))

During handling of the above exception, another exception occurred:

Traceback (most recent call last):
  File "C:\Python36\lib\site-packages\itchat\components\login.py", line 240, in maintain_loop
    i = sync_check(self)
  File "C:\Python36\lib\site-packages\itchat\components\login.py", line 295, in sync_check
    r = self.s.get(url, params=params, headers=headers, timeout=config.TIMEOUT)
  File "C:\Python36\lib\site-packages\requests\sessions.py", line 515, in get
    return self.request('GET', url, **kwargs)
  File "C:\Python36\lib\site-packages\requests\sessions.py", line 502, in request
    resp = self.send(prep, **send_kwargs)
  File "C:\Python36\lib\site-packages\requests\sessions.py", line 612, in send
    r = adapter.send(request, **kwargs)
  File "C:\Python36\lib\site-packages\requests\adapters.py", line 504, in send
    raise ConnectionError(e, request=request)
requests.exceptions.ConnectionError: HTTPSConnectionPool(host='webpush.wx.qq.com', port=443): Max retries exceeded with url: /cgi-bin/mmwebwx-bin/synccheck?r=1499223268313&skey=%40crypt_1ad16c4_05d572229b40420fbbb1a28d4e90d16b&sid=utWLW%2BzfoVBfEKmS&uin=470536655&deviceid=e429345087967561&synckey=1_673300149%7C2_673300242%7C3_673300210%7C11_673300077%7C13_673270493%7C201_1499223159%7C1000_1499215980%7C1001_1499216252&_=1499223268313 (Caused by NewConnectionError('<urllib3.connection.VerifiedHTTPSConnection object at 0x02FF2F70>: Failed to establish a new connection: [Errno 11004] getaddrinfo failed',))

ERROR:itchat:Traceback (most recent call last):
  File "C:\Python36\lib\site-packages\urllib3\connection.py", line 141, in _new_conn
    (self.host, self.port), self.timeout, **extra_kw)
  File "C:\Python36\lib\site-packages\urllib3\util\connection.py", line 60, in create_connection
    for res in socket.getaddrinfo(host, port, family, socket.SOCK_STREAM):
  File "C:\Python36\lib\socket.py", line 743, in getaddrinfo
    for res in _socket.getaddrinfo(host, port, family, type, proto, flags):
socket.gaierror: [Errno 11004] getaddrinfo failed

During handling of the above exception, another exception occurred:

Traceback (most recent call last):
  File "C:\Python36\lib\site-packages\urllib3\connectionpool.py", line 600, in urlopen
    chunked=chunked)
  File "C:\Python36\lib\site-packages\urllib3\connectionpool.py", line 345, in _make_request
    self._validate_conn(conn)
  File "C:\Python36\lib\site-packages\urllib3\connectionpool.py", line 844, in _validate_conn
    conn.connect()
  File "C:\Python36\lib\site-packages\urllib3\connection.py", line 284, in connect
    conn = self._new_conn()
  File "C:\Python36\lib\site-packages\urllib3\connection.py", line 150, in _new_conn
    self, "Failed to establish a new connection: %s" % e)
urllib3.exceptions.NewConnectionError: <urllib3.connection.VerifiedHTTPSConnection object at 0x02FF2770>: Failed to establish a new connection: [Errno 11004] getaddrinfo failed

During handling of the above exception, another exception occurred:

Traceback (most recent call last):
  File "C:\Python36\lib\site-packages\requests\adapters.py", line 440, in send
    timeout=timeout
  File "C:\Python36\lib\site-packages\urllib3\connectionpool.py", line 649, in urlopen
    _stacktrace=sys.exc_info()[2])
  File "C:\Python36\lib\site-packages\urllib3\util\retry.py", line 388, in increment
    raise MaxRetryError(_pool, url, error or ResponseError(cause))
urllib3.exceptions.MaxRetryError: HTTPSConnectionPool(host='webpush.wx.qq.com', port=443): Max retries exceeded with url: /cgi-bin/mmwebwx-bin/synccheck?r=1499223281317&skey=%40crypt_1ad16c4_05d572229b40420fbbb1a28d4e90d16b&sid=utWLW%2BzfoVBfEKmS&uin=470536655&deviceid=e429345087967561&synckey=1_673300149%7C2_673300242%7C3_673300210%7C11_673300077%7C13_673270493%7C201_1499223159%7C1000_1499215980%7C1001_1499216252&_=1499223281317 (Caused by NewConnectionError('<urllib3.connection.VerifiedHTTPSConnection object at 0x02FF2770>: Failed to establish a new connection: [Errno 11004] getaddrinfo failed',))

During handling of the above exception, another exception occurred:

Traceback (most recent call last):
  File "C:\Python36\lib\site-packages\itchat\components\login.py", line 240, in maintain_loop
    i = sync_check(self)
  File "C:\Python36\lib\site-packages\itchat\components\login.py", line 295, in sync_check
    r = self.s.get(url, params=params, headers=headers, timeout=config.TIMEOUT)
  File "C:\Python36\lib\site-packages\requests\sessions.py", line 515, in get
    return self.request('GET', url, **kwargs)
  File "C:\Python36\lib\site-packages\requests\sessions.py", line 502, in request
    resp = self.send(prep, **send_kwargs)
  File "C:\Python36\lib\site-packages\requests\sessions.py", line 612, in send
    r = adapter.send(request, **kwargs)
  File "C:\Python36\lib\site-packages\requests\adapters.py", line 504, in send
    raise ConnectionError(e, request=request)
requests.exceptions.ConnectionError: HTTPSConnectionPool(host='webpush.wx.qq.com', port=443): Max retries exceeded with url: /cgi-bin/mmwebwx-bin/synccheck?r=1499223281317&skey=%40crypt_1ad16c4_05d572229b40420fbbb1a28d4e90d16b&sid=utWLW%2BzfoVBfEKmS&uin=470536655&deviceid=e429345087967561&synckey=1_673300149%7C2_673300242%7C3_673300210%7C11_673300077%7C13_673270493%7C201_1499223159%7C1000_1499215980%7C1001_1499216252&_=1499223281317 (Caused by NewConnectionError('<urllib3.connection.VerifiedHTTPSConnection object at 0x02FF2770>: Failed to establish a new connection: [Errno 11004] getaddrinfo failed',))

INFO:itchat:LOG OUT!
INFO:itchat:Getting uuid of QR code.
INFO:itchat:Downloading QR code.
INFO:itchat:Please scan the QR code to log in.
INFO:itchat:Please press confirm on your phone.
INFO:itchat:Loading the contact, this may take a little while.
Caroline__PYQuanPin:Caroline
å°å¨__PYQuanPin:xiaowei
é˜¡é™ŒğŸƒ__PYQuanPin:qianmospanclassemojiemoji1f343span
å¼ å¤§å¸…__PYQuanPin:zhangdashuai
å·¦æ¶›ç‘__PYQuanPin:zuotaorui
ğŸ’¯å“ˆå“ˆå´å›å¿—__PYQuanPin:?hahawujunzhi
å•æ˜¥é˜³__PYQuanPin:lvchunyang
åˆè§__PYQuanPin:chujian
å¥¥æ™®ä¹æ¬¢ä¹æ°´ä¸–ç•Œ__PYQuanPin:aopuyuehuanyueshuishijie
å°èƒ–__PYQuanPin:xiaopan
å¼ åˆ›ç§‘è€å¸ˆ13679260573__PYQuanPin:zhangchuangkelaoshi13679260573
äººç”Ÿåœ¨äºæ‹¼æ__PYQuanPin:renshengzaiyupinbo
æˆ´ç»´__PYQuanPin:daiwei
Kerwin.å¾__PYQuanPin:Kerwinxu
SUNNY__PYQuanPin:SUNNY
long__PYQuanPin:long
ONLY.love__PYQuanPin:ONLYlove
æœ¨å­__PYQuanPin:muzi
Wong__PYQuanPin:Wong
æºæ‰‹å£°å…‰èˆç¾å¿—è¿œ13080163331__PYQuanPin:xieshoushengguangwumeizhiyuan13080163331
ä¹”å¸ƒç†™__PYQuanPin:qiaobuxi
fun__PYQuanPin:fun
A There won'r be you__PYQuanPin:ATherewonrbeyou
Mr.é»‘å’–å•¡__PYQuanPin:Mrheigafei
å“‡å¡å¤©å“ª__PYQuanPin:wasaitianna
æœˆäº®__PYQuanPin:yueliang
ä½ ç”·æœ‹å‹å«æ–‡æ°ä¹ˆâ‡__PYQuanPin:ninanpengyoujiaowenjiemespanclassemojiemoji2747span
æ²›æ²›__PYQuanPin:peipei
è·¯ç”±__PYQuanPin:luyou
æ´‹æ´‹ä¸“ä¸šéŸ³å“èˆç¾__PYQuanPin:yangyangzhuanyeyinxiangwumei
å½±å­ä¼ è¯´__PYQuanPin:yingzichuanshui
æ— çŸ¥__PYQuanPin:wuzhi
é¢–é¢–WANG__PYQuanPin:yingyingWANG
A.ç€šé›„é‡‘èæœåŠ¡__PYQuanPin:Ahanxiongjinrongfuwu
Panna__PYQuanPin:Panna
ç´ é¢œæœ€ç¾__PYQuanPin:suyanzuimei
å¼“é•¿__PYQuanPin:gongchang
å°å®‡__PYQuanPin:xiaoyu
å…¶å®ã€ç­‰é£æ¥__PYQuanPin:qishidengfenglai
å¤©ä¹‹éª„å­__PYQuanPin:tianzhijiaozi
å¤§æµ·__PYQuanPin:dahai
çˆ±å–ã€__PYQuanPin:aia
Adolph__PYQuanPin:Adolph
æ–‡æ—__PYQuanPin:wenlin
é£ä¾ __PYQuanPin:feixia
é©¬å†›èƒœ__PYQuanPin:majunsheng
åŠªæ¯”äºšè®¸æ˜Œè§£äºšé’__PYQuanPin:nubiyaxuchangxieyaqing
åˆ˜æ•__PYQuanPin:liumin
åŠŸä¸å”æ__PYQuanPin:gongbutangjuan
çŸ¥è¶³å¸¸ä¹ï¼çº¢å†›__PYQuanPin:zhizuchangyuehongjun
äº‘ç«¯æ¼«æ­¥__PYQuanPin:yunduanmanbu
å¼ å‹‹__PYQuanPin:zhangxun
ä½ å¥½ï¼Œäº²çˆ±çš„__PYQuanPin:nihaoqinaide
yå¸…__PYQuanPin:yshuai
å•é˜³é˜³__PYQuanPin:lvyangyang
Still me ã€‚ã€‚ã€‚__PYQuanPin:Stillme
214â„ƒâ„¢love__PYQuanPin:214spanclassemojiemoji2122spanlove
æå‡¯é¾™__PYQuanPin:likailong
llj__PYQuanPin:llj
å¥”è·‘çš„å°èœ—ç‰›__PYQuanPin:benpaodexiaowoniu
æ“±æ·ºçš„å¾€äº‹__PYQuanPin:gejiandewangshi
é™Œé™Œ__PYQuanPin:momo
éƒå»‰é¾™__PYQuanPin:haolianlong
æš—é‡Œç€è¿·ï¼ˆéƒ­æ´‹15527277905ï¼‰__PYQuanPin:anlizhaomiguoyang15527277905
è€æ›¹__PYQuanPin:laocao
æ´‹æ´‹__PYQuanPin:yangyang
POWER__PYQuanPin:POWER
å•¦å•¦å•¦__PYQuanPin:lalala
éšå¿ƒè€Œé‡__PYQuanPin:suixineryu
ä»°æœ›æ˜Ÿç©º(*^Ï‰^*)__PYQuanPin:yangwangxingkong
æ—§æ—¶å…‰__PYQuanPin:jiushiguang
ä¾æ ˜__PYQuanPin:yiyi
Holo__PYQuanPin:Holo
æ˜¥è¾‰__PYQuanPin:chunhui
A æè‰³æ¸…__PYQuanPin:Aliyanqing
å¼ ç‰é­18637417318__PYQuanPin:zhangyukui18637417318
å¼º__PYQuanPin:qiang
åæœ¨__PYQuanPin:shimu
é—«å¸…å³°__PYQuanPin:yanshuaifeng
å¼ åŸ¹æ­Œ__PYQuanPin:zhangpeige
é»„æ™“ä¿Š__PYQuanPin:huangxiaojun
é©¬å…‰__PYQuanPin:maguang
é³å­å¸…__PYQuanPin:jinzishuai
æ¨é«˜æ˜Ÿ__PYQuanPin:yanggaoxing
çš®çš®é²__PYQuanPin:pipilu
é»„æœæœçˆ±çš„è‰è“æ´¾__PYQuanPin:huangguoguoaidecaomeipa
è®¯è”â˜ï¸-Vivian__PYQuanPin:xunlianspanclassemojiemoji2601span?Vivian
æµªèŠ±åº—å°äºŒ__PYQuanPin:langhuadianxiaoer
å¼ è‰º__PYQuanPin:zhangyi
æ·¡å¢¨__PYQuanPin:danmo
æ¨åˆ©å¡17739777285__PYQuanPin:yanglika17739777285
æˆ‘éè‹±é›„__PYQuanPin:wofeiyingxiong
å¼ å èƒœ__PYQuanPin:zhangzhansheng
é’äº‘__PYQuanPin:qingyun
à¼’Leonà¼’__PYQuanPin:?Leon?
æ®·æ¸…__PYQuanPin:yinqing
åº„Sir__PYQuanPin:zhuangSir
é—¯å…ˆç”Ÿ__PYQuanPin:chuangxiansheng
è‰è‰__PYQuanPin:lili
æ¼”ğŸ‘® å‘˜__PYQuanPin:yanspanclassemojiemoji1f46espanyuan
æ¨Šå°é“­ğŸ™ƒ__PYQuanPin:fanxiaoming?
æŸ¯æ£®__PYQuanPin:kesen
å°è§£__PYQuanPin:xiaoxie
å­™åŒå­¦__PYQuanPin:suntongxue
å°æ°__PYQuanPin:xiaojie
INFO:itchat:Start auto replying.
INFO:itchat:LOG OUT!
INFO:itchat:Getting uuid of QR code.
INFO:itchat:Downloading QR code.
INFO:itchat:Please scan the QR code to log in.
INFO:itchat:Please press confirm on your phone.
INFO:itchat:Loading the contact, this may take a little while.
Caroline__PYQuanPin:Caroline
å°å¨__PYQuanPin:xiaowei
é˜¡é™ŒğŸƒ__PYQuanPin:qianmospanclassemojiemoji1f343span
å¼ å¤§å¸…__PYQuanPin:zhangdashuai
å·¦æ¶›ç‘__PYQuanPin:zuotaorui
ğŸ’¯å“ˆå“ˆå´å›å¿—__PYQuanPin:?hahawujunzhi
å•æ˜¥é˜³__PYQuanPin:lvchunyang
åˆè§__PYQuanPin:chujian
å¥¥æ™®ä¹æ¬¢ä¹æ°´ä¸–ç•Œ__PYQuanPin:aopuyuehuanyueshuishijie
å°èƒ–__PYQuanPin:xiaopan
å¼ åˆ›ç§‘è€å¸ˆ13679260573__PYQuanPin:zhangchuangkelaoshi13679260573
äººç”Ÿåœ¨äºæ‹¼æ__PYQuanPin:renshengzaiyupinbo
æˆ´ç»´__PYQuanPin:daiwei
Kerwin.å¾__PYQuanPin:Kerwinxu
SUNNY__PYQuanPin:SUNNY
long__PYQuanPin:long
ONLY.love__PYQuanPin:ONLYlove
æœ¨å­__PYQuanPin:muzi
Wong__PYQuanPin:Wong
æºæ‰‹å£°å…‰èˆç¾å¿—è¿œ13080163331__PYQuanPin:xieshoushengguangwumeizhiyuan13080163331
ä¹”å¸ƒç†™__PYQuanPin:qiaobuxi
fun__PYQuanPin:fun
A There won'r be you__PYQuanPin:ATherewonrbeyou
Mr.é»‘å’–å•¡__PYQuanPin:Mrheigafei
å“‡å¡å¤©å“ª__PYQuanPin:wasaitianna
æœˆäº®__PYQuanPin:yueliang
ä½ ç”·æœ‹å‹å«æ–‡æ°ä¹ˆâ‡__PYQuanPin:ninanpengyoujiaowenjiemespanclassemojiemoji2747span
æ²›æ²›__PYQuanPin:peipei
è·¯ç”±__PYQuanPin:luyou
æ´‹æ´‹ä¸“ä¸šéŸ³å“èˆç¾__PYQuanPin:yangyangzhuanyeyinxiangwumei
å½±å­ä¼ è¯´__PYQuanPin:yingzichuanshui
æ— çŸ¥__PYQuanPin:wuzhi
é¢–é¢–WANG__PYQuanPin:yingyingWANG
A.ç€šé›„é‡‘èæœåŠ¡__PYQuanPin:Ahanxiongjinrongfuwu
Panna__PYQuanPin:Panna
ç´ é¢œæœ€ç¾__PYQuanPin:suyanzuimei
å¼“é•¿__PYQuanPin:gongchang
å°å®‡__PYQuanPin:xiaoyu
å…¶å®ã€ç­‰é£æ¥__PYQuanPin:qishidengfenglai
å¤©ä¹‹éª„å­__PYQuanPin:tianzhijiaozi
å¤§æµ·__PYQuanPin:dahai
çˆ±å–ã€__PYQuanPin:aia
Adolph__PYQuanPin:Adolph
æ–‡æ—__PYQuanPin:wenlin
é£ä¾ __PYQuanPin:feixia
é©¬å†›èƒœ__PYQuanPin:majunsheng
åŠªæ¯”äºšè®¸æ˜Œè§£äºšé’__PYQuanPin:nubiyaxuchangxieyaqing
åˆ˜æ•__PYQuanPin:liumin
åŠŸä¸å”æ__PYQuanPin:gongbutangjuan
çŸ¥è¶³å¸¸ä¹ï¼çº¢å†›__PYQuanPin:zhizuchangyuehongjun
äº‘ç«¯æ¼«æ­¥__PYQuanPin:yunduanmanbu
å¼ å‹‹__PYQuanPin:zhangxun
ä½ å¥½ï¼Œäº²çˆ±çš„__PYQuanPin:nihaoqinaide
yå¸…__PYQuanPin:yshuai
å•é˜³é˜³__PYQuanPin:lvyangyang
Still me ã€‚ã€‚ã€‚__PYQuanPin:Stillme
214â„ƒâ„¢love__PYQuanPin:214spanclassemojiemoji2122spanlove
æå‡¯é¾™__PYQuanPin:likailong
llj__PYQuanPin:llj
å¥”è·‘çš„å°èœ—ç‰›__PYQuanPin:benpaodexiaowoniu
æ“±æ·ºçš„å¾€äº‹__PYQuanPin:gejiandewangshi
é™Œé™Œ__PYQuanPin:momo
éƒå»‰é¾™__PYQuanPin:haolianlong
æš—é‡Œç€è¿·ï¼ˆéƒ­æ´‹15527277905ï¼‰__PYQuanPin:anlizhaomiguoyang15527277905
è€æ›¹__PYQuanPin:laocao
æ´‹æ´‹__PYQuanPin:yangyang
POWER__PYQuanPin:POWER
å•¦å•¦å•¦__PYQuanPin:lalala
éšå¿ƒè€Œé‡__PYQuanPin:suixineryu
ä»°æœ›æ˜Ÿç©º(*^Ï‰^*)__PYQuanPin:yangwangxingkong
æ—§æ—¶å…‰__PYQuanPin:jiushiguang
ä¾æ ˜__PYQuanPin:yiyi
Holo__PYQuanPin:Holo
æ˜¥è¾‰__PYQuanPin:chunhui
A æè‰³æ¸…__PYQuanPin:Aliyanqing
å¼ ç‰é­18637417318__PYQuanPin:zhangyukui18637417318
å¼º__PYQuanPin:qiang
åæœ¨__PYQuanPin:shimu
é—«å¸…å³°__PYQuanPin:yanshuaifeng
å¼ åŸ¹æ­Œ__PYQuanPin:zhangpeige
é»„æ™“ä¿Š__PYQuanPin:huangxiaojun
é©¬å…‰__PYQuanPin:maguang
é³å­å¸…__PYQuanPin:jinzishuai
æ¨é«˜æ˜Ÿ__PYQuanPin:yanggaoxing
çš®çš®é²__PYQuanPin:pipilu
é»„æœæœçˆ±çš„è‰è“æ´¾__PYQuanPin:huangguoguoaidecaomeipa
è®¯è”â˜ï¸-Vivian__PYQuanPin:xunlianspanclassemojiemoji2601span?Vivian
æµªèŠ±åº—å°äºŒ__PYQuanPin:langhuadianxiaoer
å¼ è‰º__PYQuanPin:zhangyi
æ·¡å¢¨__PYQuanPin:danmo
æ¨åˆ©å¡17739777285__PYQuanPin:yanglika17739777285
æˆ‘éè‹±é›„__PYQuanPin:wofeiyingxiong
å¼ å èƒœ__PYQuanPin:zhangzhansheng
é’äº‘__PYQuanPin:qingyun
à¼’Leonà¼’__PYQuanPin:?Leon?
æ®·æ¸…__PYQuanPin:yinqing
åº„Sir__PYQuanPin:zhuangSir
é—¯å…ˆç”Ÿ__PYQuanPin:chuangxiansheng
è‰è‰__PYQuanPin:lili
æ¼”ğŸ‘® å‘˜__PYQuanPin:yanspanclassemojiemoji1f46espanyuan
æ¨Šå°é“­ğŸ™ƒ__PYQuanPin:fanxiaoming?
æŸ¯æ£®__PYQuanPin:kesen
å°è§£__PYQuanPin:xiaoxie
å­™åŒå­¦__PYQuanPin:suntongxue
å°æ°__PYQuanPin:xiaojie
INFO:itchat:Start auto replying.
INFO:itchat:LOG OUT!
INFO:itchat:Getting uuid of QR code.
INFO:itchat:Downloading QR code.
INFO:itchat:Please scan the QR code to log in.
INFO:itchat:Please press confirm on your phone.
INFO:itchat:Loading the contact, this may take a little while.
Caroline__PYQuanPin:Caroline
å°å¨__PYQuanPin:xiaowei
é˜¡é™ŒğŸƒ__PYQuanPin:qianmospanclassemojiemoji1f343span
å¼ å¤§å¸…__PYQuanPin:zhangdashuai
å·¦æ¶›ç‘__PYQuanPin:zuotaorui
ğŸ’¯å“ˆå“ˆå´å›å¿—__PYQuanPin:?hahawujunzhi
å•æ˜¥é˜³__PYQuanPin:lvchunyang
åˆè§__PYQuanPin:chujian
å¥¥æ™®ä¹æ¬¢ä¹æ°´ä¸–ç•Œ__PYQuanPin:aopuyuehuanyueshuishijie
å°èƒ–__PYQuanPin:xiaopan
å¼ åˆ›ç§‘è€å¸ˆ13679260573__PYQuanPin:zhangchuangkelaoshi13679260573
äººç”Ÿåœ¨äºæ‹¼æ__PYQuanPin:renshengzaiyupinbo
æˆ´ç»´__PYQuanPin:daiwei
Kerwin.å¾__PYQuanPin:Kerwinxu
SUNNY__PYQuanPin:SUNNY
long__PYQuanPin:long
ONLY.love__PYQuanPin:ONLYlove
æœ¨å­__PYQuanPin:muzi
Wong__PYQuanPin:Wong
æºæ‰‹å£°å…‰èˆç¾å¿—è¿œ13080163331__PYQuanPin:xieshoushengguangwumeizhiyuan13080163331
ä¹”å¸ƒç†™__PYQuanPin:qiaobuxi
fun__PYQuanPin:fun
A There won'r be you__PYQuanPin:ATherewonrbeyou
Mr.é»‘å’–å•¡__PYQuanPin:Mrheigafei
å“‡å¡å¤©å“ª__PYQuanPin:wasaitianna
æœˆäº®__PYQuanPin:yueliang
ä½ ç”·æœ‹å‹å«æ–‡æ°ä¹ˆâ‡__PYQuanPin:ninanpengyoujiaowenjiemespanclassemojiemoji2747span
æ²›æ²›__PYQuanPin:peipei
è·¯ç”±__PYQuanPin:luyou
æ´‹æ´‹ä¸“ä¸šéŸ³å“èˆç¾__PYQuanPin:yangyangzhuanyeyinxiangwumei
å½±å­ä¼ è¯´__PYQuanPin:yingzichuanshui
æ— çŸ¥__PYQuanPin:wuzhi
é¢–é¢–WANG__PYQuanPin:yingyingWANG
A.ç€šé›„é‡‘èæœåŠ¡__PYQuanPin:Ahanxiongjinrongfuwu
Panna__PYQuanPin:Panna
ç´ é¢œæœ€ç¾__PYQuanPin:suyanzuimei
å¼“é•¿__PYQuanPin:gongchang
å°å®‡__PYQuanPin:xiaoyu
å…¶å®ã€ç­‰é£æ¥__PYQuanPin:qishidengfenglai
å¤©ä¹‹éª„å­__PYQuanPin:tianzhijiaozi
å¤§æµ·__PYQuanPin:dahai
çˆ±å–ã€__PYQuanPin:aia
Adolph__PYQuanPin:Adolph
æ–‡æ—__PYQuanPin:wenlin
é£ä¾ __PYQuanPin:feixia
é©¬å†›èƒœ__PYQuanPin:majunsheng
åŠªæ¯”äºšè®¸æ˜Œè§£äºšé’__PYQuanPin:nubiyaxuchangxieyaqing
åˆ˜æ•__PYQuanPin:liumin
åŠŸä¸å”æ__PYQuanPin:gongbutangjuan
çŸ¥è¶³å¸¸ä¹ï¼çº¢å†›__PYQuanPin:zhizuchangyuehongjun
äº‘ç«¯æ¼«æ­¥__PYQuanPin:yunduanmanbu
å¼ å‹‹__PYQuanPin:zhangxun
ä½ å¥½ï¼Œäº²çˆ±çš„__PYQuanPin:nihaoqinaide
yå¸…__PYQuanPin:yshuai
å•é˜³é˜³__PYQuanPin:lvyangyang
Still me ã€‚ã€‚ã€‚__PYQuanPin:Stillme
214â„ƒâ„¢love__PYQuanPin:214spanclassemojiemoji2122spanlove
æå‡¯é¾™__PYQuanPin:likailong
llj__PYQuanPin:llj
å¥”è·‘çš„å°èœ—ç‰›__PYQuanPin:benpaodexiaowoniu
æ“±æ·ºçš„å¾€äº‹__PYQuanPin:gejiandewangshi
é™Œé™Œ__PYQuanPin:momo
éƒå»‰é¾™__PYQuanPin:haolianlong
æš—é‡Œç€è¿·ï¼ˆéƒ­æ´‹15527277905ï¼‰__PYQuanPin:anlizhaomiguoyang15527277905
è€æ›¹__PYQuanPin:laocao
æ´‹æ´‹__PYQuanPin:yangyang
POWER__PYQuanPin:POWER
å•¦å•¦å•¦__PYQuanPin:lalala
éšå¿ƒè€Œé‡__PYQuanPin:suixineryu
ä»°æœ›æ˜Ÿç©º(*^Ï‰^*)__PYQuanPin:yangwangxingkong
æ—§æ—¶å…‰__PYQuanPin:jiushiguang
ä¾æ ˜__PYQuanPin:yiyi
Holo__PYQuanPin:Holo
æ˜¥è¾‰__PYQuanPin:chunhui
A æè‰³æ¸…__PYQuanPin:Aliyanqing
å¼ ç‰é­18637417318__PYQuanPin:zhangyukui18637417318
å¼º__PYQuanPin:qiang
åæœ¨__PYQuanPin:shimu
é—«å¸…å³°__PYQuanPin:yanshuaifeng
å¼ åŸ¹æ­Œ__PYQuanPin:zhangpeige
é»„æ™“ä¿Š__PYQuanPin:huangxiaojun
é©¬å…‰__PYQuanPin:maguang
é³å­å¸…__PYQuanPin:jinzishuai
æ¨é«˜æ˜Ÿ__PYQuanPin:yanggaoxing
çš®çš®é²__PYQuanPin:pipilu
é»„æœæœçˆ±çš„è‰è“æ´¾__PYQuanPin:huangguoguoaidecaomeipa
è®¯è”â˜ï¸-Vivian__PYQuanPin:xunlianspanclassemojiemoji2601span?Vivian
æµªèŠ±åº—å°äºŒ__PYQuanPin:langhuadianxiaoer
å¼ è‰º__PYQuanPin:zhangyi
æ·¡å¢¨__PYQuanPin:danmo
æ¨åˆ©å¡17739777285__PYQuanPin:yanglika17739777285
æˆ‘éè‹±é›„__PYQuanPin:wofeiyingxiong
å¼ å èƒœ__PYQuanPin:zhangzhansheng
é’äº‘__PYQuanPin:qingyun
à¼’Leonà¼’__PYQuanPin:?Leon?
æ®·æ¸…__PYQuanPin:yinqing
åº„Sir__PYQuanPin:zhuangSir
é—¯å…ˆç”Ÿ__PYQuanPin:chuangxiansheng
è‰è‰__PYQuanPin:lili
æ¼”ğŸ‘® å‘˜__PYQuanPin:yanspanclassemojiemoji1f46espanyuan
æ¨Šå°é“­ğŸ™ƒ__PYQuanPin:fanxiaoming?
æŸ¯æ£®__PYQuanPin:kesen
å°è§£__PYQuanPin:xiaoxie
å­™åŒå­¦__PYQuanPin:suntongxue
å°æ°__PYQuanPin:xiaojie
INFO:itchat:Start auto replying.
INFO:itchat:LOG OUT!
INFO:itchat:Getting uuid of QR code.
INFO:itchat:Downloading QR code.
INFO:itchat:Please scan the QR code to log in.
INFO:itchat:Please press confirm on your phone.
INFO:itchat:Loading the contact, this may take a little while.
å¼ æ¾æ¾__PYQuanPin:
Caroline__PYQuanPin:Caroline
INFO:itchat:Start auto replying.
INFO:itchat:Getting uuid of QR code.
INFO:itchat:Downloading QR code.
INFO:itchat:Please scan the QR code to log in.
INFO:itchat:Please press confirm on your phone.
INFO:itchat:Loading the contact, this may take a little while.
Caroline__PYQuanPin:Caroline
å°å¨__PYQuanPin:xiaowei
é˜¡é™ŒğŸƒ__PYQuanPin:qianmospanclassemojiemoji1f343span
å¼ å¤§å¸…__PYQuanPin:zhangdashuai
å·¦æ¶›ç‘__PYQuanPin:zuotaorui
ğŸ’¯å“ˆå“ˆå´å›å¿—__PYQuanPin:?hahawujunzhi
å•æ˜¥é˜³__PYQuanPin:lvchunyang
åˆè§__PYQuanPin:chujian
å¥¥æ™®ä¹æ¬¢ä¹æ°´ä¸–ç•Œ__PYQuanPin:aopuyuehuanyueshuishijie
å°èƒ–__PYQuanPin:xiaopan
å¼ åˆ›ç§‘è€å¸ˆ13679260573__PYQuanPin:zhangchuangkelaoshi13679260573
äººç”Ÿåœ¨äºæ‹¼æ__PYQuanPin:renshengzaiyupinbo
æˆ´ç»´__PYQuanPin:daiwei
Kerwin.å¾__PYQuanPin:Kerwinxu
SUNNY__PYQuanPin:SUNNY
long__PYQuanPin:long
ONLY.love__PYQuanPin:ONLYlove
æœ¨å­__PYQuanPin:muzi
Wong__PYQuanPin:Wong
æºæ‰‹å£°å…‰èˆç¾å¿—è¿œ13080163331__PYQuanPin:xieshoushengguangwumeizhiyuan13080163331
ä¹”å¸ƒç†™__PYQuanPin:qiaobuxi
fun__PYQuanPin:fun
A There won'r be you__PYQuanPin:ATherewonrbeyou
Mr.é»‘å’–å•¡__PYQuanPin:Mrheigafei
å“‡å¡å¤©å“ª__PYQuanPin:wasaitianna
æœˆäº®__PYQuanPin:yueliang
ä½ ç”·æœ‹å‹å«æ–‡æ°ä¹ˆâ‡__PYQuanPin:ninanpengyoujiaowenjiemespanclassemojiemoji2747span
æ²›æ²›__PYQuanPin:peipei
è·¯ç”±__PYQuanPin:luyou
æ´‹æ´‹ä¸“ä¸šéŸ³å“èˆç¾__PYQuanPin:yangyangzhuanyeyinxiangwumei
å½±å­ä¼ è¯´__PYQuanPin:yingzichuanshui
æ— çŸ¥__PYQuanPin:wuzhi
é¢–é¢–WANG__PYQuanPin:yingyingWANG
A.ç€šé›„é‡‘èæœåŠ¡__PYQuanPin:Ahanxiongjinrongfuwu
Panna__PYQuanPin:Panna
ç´ é¢œæœ€ç¾__PYQuanPin:suyanzuimei
å¼“é•¿__PYQuanPin:gongchang
å°å®‡__PYQuanPin:xiaoyu
å…¶å®ã€ç­‰é£æ¥__PYQuanPin:qishidengfenglai
å¤©ä¹‹éª„å­__PYQuanPin:tianzhijiaozi
å¤§æµ·__PYQuanPin:dahai
çˆ±å–ã€__PYQuanPin:aia
Adolph__PYQuanPin:Adolph
æ–‡æ—__PYQuanPin:wenlin
é£ä¾ __PYQuanPin:feixia
é©¬å†›èƒœ__PYQuanPin:majunsheng
åŠªæ¯”äºšè®¸æ˜Œè§£äºšé’__PYQuanPin:nubiyaxuchangxieyaqing
åˆ˜æ•__PYQuanPin:liumin
åŠŸä¸å”æ__PYQuanPin:gongbutangjuan
çŸ¥è¶³å¸¸ä¹ï¼çº¢å†›__PYQuanPin:zhizuchangyuehongjun
äº‘ç«¯æ¼«æ­¥__PYQuanPin:yunduanmanbu
å¼ å‹‹__PYQuanPin:zhangxun
ä½ å¥½ï¼Œäº²çˆ±çš„__PYQuanPin:nihaoqinaide
yå¸…__PYQuanPin:yshuai
å•é˜³é˜³__PYQuanPin:lvyangyang
Still me ã€‚ã€‚ã€‚__PYQuanPin:Stillme
214â„ƒâ„¢love__PYQuanPin:214spanclassemojiemoji2122spanlove
æå‡¯é¾™__PYQuanPin:likailong
llj__PYQuanPin:llj
å¥”è·‘çš„å°èœ—ç‰›__PYQuanPin:benpaodexiaowoniu
æ“±æ·ºçš„å¾€äº‹__PYQuanPin:gejiandewangshi
é™Œé™Œ__PYQuanPin:momo
éƒå»‰é¾™__PYQuanPin:haolianlong
æš—é‡Œç€è¿·ï¼ˆéƒ­æ´‹15527277905ï¼‰__PYQuanPin:anlizhaomiguoyang15527277905
è€æ›¹__PYQuanPin:laocao
æ´‹æ´‹__PYQuanPin:yangyang
POWER__PYQuanPin:POWER
å•¦å•¦å•¦__PYQuanPin:lalala
éšå¿ƒè€Œé‡__PYQuanPin:suixineryu
ä»°æœ›æ˜Ÿç©º(*^Ï‰^*)__PYQuanPin:yangwangxingkong
æ—§æ—¶å…‰__PYQuanPin:jiushiguang
ä¾æ ˜__PYQuanPin:yiyi
Holo__PYQuanPin:Holo
æ˜¥è¾‰__PYQuanPin:chunhui
A æè‰³æ¸…__PYQuanPin:Aliyanqing
å¼ ç‰é­18637417318__PYQuanPin:zhangyukui18637417318
å¼º__PYQuanPin:qiang
åæœ¨__PYQuanPin:shimu
é—«å¸…å³°__PYQuanPin:yanshuaifeng
å¼ åŸ¹æ­Œ__PYQuanPin:zhangpeige
é»„æ™“ä¿Š__PYQuanPin:huangxiaojun
é©¬å…‰__PYQuanPin:maguang
é³å­å¸…__PYQuanPin:jinzishuai
æ¨é«˜æ˜Ÿ__PYQuanPin:yanggaoxing
çš®çš®é²__PYQuanPin:pipilu
é»„æœæœçˆ±çš„è‰è“æ´¾__PYQuanPin:huangguoguoaidecaomeipa
è®¯è”â˜ï¸-Vivian__PYQuanPin:xunlianspanclassemojiemoji2601span?Vivian
æµªèŠ±åº—å°äºŒ__PYQuanPin:langhuadianxiaoer
å¼ è‰º__PYQuanPin:zhangyi
æ·¡å¢¨__PYQuanPin:danmo
æ¨åˆ©å¡17739777285__PYQuanPin:yanglika17739777285
æˆ‘éè‹±é›„__PYQuanPin:wofeiyingxiong
å¼ å èƒœ__PYQuanPin:zhangzhansheng
é’äº‘__PYQuanPin:qingyun
à¼’Leonà¼’__PYQuanPin:?Leon?
æ®·æ¸…__PYQuanPin:yinqing
åº„Sir__PYQuanPin:zhuangSir
é—¯å…ˆç”Ÿ__PYQuanPin:chuangxiansheng
è‰è‰__PYQuanPin:lili
æ¼”ğŸ‘® å‘˜__PYQuanPin:yanspanclassemojiemoji1f46espanyuan
æ¨Šå°é“­ğŸ™ƒ__PYQuanPin:fanxiaoming?
æŸ¯æ£®__PYQuanPin:kesen
å°è§£__PYQuanPin:xiaoxie
ä½›å‰ä¸€ç²’å°˜__PYQuanPin:foqianyilichen
å­™åŒå­¦__PYQuanPin:suntongxue
INFO:itchat:Start auto replying.
WARNING:itchat:Traceback (most recent call last):
  File "C:\Python36\lib\site-packages\itchat\components\register.py", line 60, in configured_reply
    r = replyFn(msg)
  File "weixin.py", line 20, in text_reply
    if autoUserNames.has_key(msg['FromUserName']):
AttributeError: 'dict' object has no attribute 'has_key'

INFO:itchat:Bye~
